<?xml version="1.0" encoding="UTF-8"?>
<!-- Generated by org.testng.reporters.JUnitXMLReporter -->
<testsuite ignored="0" hostname="amlan" failures="0" tests="4" name="Default test" time="0.065" errors="0" timestamp="2023-08-16T14:48:46 IST">
  <testcase classname="com.banking.testng.DataProviderTest" name="GetData" time="0.006"/>
  <testcase classname="com.banking.testng.DataProviderTest" name="GetData" time="0.001"/>
  <testcase classname="com.banking.testng.DataProviderTest" name="GetData" time="0.001"/>
  <testcase classname="com.banking.testng.DataProviderTest" name="GetData" time="0.001"/>
</testsuite> <!-- Default test -->
