<?xml version="1.0" encoding="UTF-8"?>
<!-- Generated by org.testng.reporters.JUnitXMLReporter -->
<testsuite ignored="0" hostname="amlan" failures="0" tests="4" name="Test2" time="0.047" errors="0" timestamp="2023-08-07T14:35:18 IST">
  <testcase classname="com.banking.obs.pratice.ParallelExe" name="create" time="0.007"/>
  <testcase classname="com.banking.obs.pratice.ParallelExe" name="modify" time="0.0"/>
  <testcase classname="com.banking.obs.pratice.ParalleExe1" name="create" time="0.001"/>
  <testcase classname="com.banking.obs.pratice.ParalleExe1" name="modify" time="0.001"/>
</testsuite> <!-- Test2 -->
