<?xml version="1.0" encoding="UTF-8"?>
<!-- Generated by org.testng.reporters.JUnitXMLReporter -->
<testsuite ignored="0" hostname="amlan" failures="0" tests="4" name="Test4" time="0.055" errors="0" timestamp="2023-08-07T15:42:06 IST">
  <testcase classname="com.banking.obs.pratice.CreateCust" name="apply" time="0.009"/>
  <testcase classname="com.banking.obs.pratice.CreateCust" name="approve" time="0.001"/>
  <testcase classname="com.banking.obs.pratice.DeleteCust" name="Delete" time="0.001"/>
  <testcase classname="com.banking.obs.pratice.DeleteCust" name="create" time="0.002"/>
</testsuite> <!-- Test4 -->
