<?xml version="1.0" encoding="UTF-8"?>
<!-- Generated by org.testng.reporters.JUnitXMLReporter -->
<testsuite ignored="0" hostname="amlan" failures="0" tests="4" name="Test1" time="0.047" errors="0" timestamp="2023-08-07T14:17:49 IST">
  <testcase classname="com.banking.obs.pratice.Pract2" name="create" time="0.008"/>
  <testcase classname="com.banking.obs.pratice.Pract2" name="modify" time="0.002"/>
  <testcase classname="com.banking.obs.pratice.Pract" name="modify" time="0.001"/>
  <testcase classname="com.banking.obs.pratice.Pract" name="create" time="0.002"/>
</testsuite> <!-- Test1 -->
