<?xml version="1.0" encoding="UTF-8"?>
<testng-results ignored="0" total="4" passed="4" failed="0" skipped="0">
  <reporter-output>
  </reporter-output>
  <suite started-at="2023-08-16T14:48:46 IST" name="Default suite" finished-at="2023-08-16T14:48:46 IST" duration-ms="65">
    <groups>
    </groups>
    <test started-at="2023-08-16T14:48:46 IST" name="Default test" finished-at="2023-08-16T14:48:46 IST" duration-ms="65">
      <class name="com.banking.testng.DataProviderTest">
        <test-method signature="GetData(java.lang.String,java.lang.String)[pri:0, instance:com.banking.testng.DataProviderTest@1e6a3214]" started-at="2023-08-16T14:48:46 IST" name="GetData" data-provider="Setdata" finished-at="2023-08-16T14:48:46 IST" duration-ms="6" status="PASS">
          <params>
            <param index="0">
              <value>
                <![CDATA[bmtc]]>
              </value>
            </param>
            <param index="1">
              <value>
                <![CDATA[rajajinagar]]>
              </value>
            </param>
          </params>
          <reporter-output>
          </reporter-output>
        </test-method> <!-- GetData -->
        <test-method signature="GetData(java.lang.String,java.lang.String)[pri:0, instance:com.banking.testng.DataProviderTest@1e6a3214]" started-at="2023-08-16T14:48:46 IST" name="GetData" data-provider="Setdata" finished-at="2023-08-16T14:48:46 IST" duration-ms="1" status="PASS">
          <params>
            <param index="0">
              <value>
                <![CDATA[yelayanka]]>
              </value>
            </param>
            <param index="1">
              <value>
                <![CDATA[ashok nagar]]>
              </value>
            </param>
          </params>
          <reporter-output>
          </reporter-output>
        </test-method> <!-- GetData -->
        <test-method signature="GetData(java.lang.String,java.lang.String)[pri:0, instance:com.banking.testng.DataProviderTest@1e6a3214]" started-at="2023-08-16T14:48:46 IST" name="GetData" data-provider="Setdata" finished-at="2023-08-16T14:48:46 IST" duration-ms="1" status="PASS">
          <params>
            <param index="0">
              <value>
                <![CDATA[bmtc]]>
              </value>
            </param>
            <param index="1">
              <value>
                <![CDATA[rajajinagar]]>
              </value>
            </param>
          </params>
          <reporter-output>
          </reporter-output>
        </test-method> <!-- GetData -->
        <test-method signature="GetData(java.lang.String,java.lang.String)[pri:0, instance:com.banking.testng.DataProviderTest@1e6a3214]" started-at="2023-08-16T14:48:46 IST" name="GetData" data-provider="Setdata" finished-at="2023-08-16T14:48:46 IST" duration-ms="1" status="PASS">
          <params>
            <param index="0">
              <value>
                <![CDATA[yelayanka]]>
              </value>
            </param>
            <param index="1">
              <value>
                <![CDATA[ashok nagar]]>
              </value>
            </param>
          </params>
          <reporter-output>
          </reporter-output>
        </test-method> <!-- GetData -->
      </class> <!-- com.banking.testng.DataProviderTest -->
    </test> <!-- Default test -->
  </suite> <!-- Default suite -->
</testng-results>
